e:\github\mazesolver\mazesolver\sdl_project\debug\vc142.pdb
e:\github\mazesolver\mazesolver\sdl_project\debug\vc142.idb
e:\github\mazesolver\mazesolver\sdl_project\debug\window.obj
e:\github\mazesolver\mazesolver\sdl_project\debug\vmath.obj
e:\github\mazesolver\mazesolver\sdl_project\debug\timer.obj
e:\github\mazesolver\mazesolver\sdl_project\debug\star.obj
e:\github\mazesolver\mazesolver\sdl_project\debug\scene5.obj
e:\github\mazesolver\mazesolver\sdl_project\debug\scene4.obj
e:\github\mazesolver\mazesolver\sdl_project\debug\scene3.obj
e:\github\mazesolver\mazesolver\sdl_project\debug\scene2.obj
e:\github\mazesolver\mazesolver\sdl_project\debug\scene1.obj
e:\github\mazesolver\mazesolver\sdl_project\debug\scene0.obj
e:\github\mazesolver\mazesolver\sdl_project\debug\randomizer.obj
e:\github\mazesolver\mazesolver\sdl_project\debug\mmath.obj
e:\github\mazesolver\mazesolver\sdl_project\debug\main.obj
e:\github\mazesolver\mazesolver\sdl_project\debug\gamemanager.obj
e:\github\mazesolver\mazesolver\sdl_project\debug\body.obj
e:\github\mazesolver\mazesolver\sdl_project\debug\ball.obj
e:\github\mazesolver\mazesolver\sdl_project\debug\mazedisplay.obj
e:\github\mazesolver\mazesolver\sdl_project\debug\node.obj
e:\github\mazesolver\mazesolver\sdl_project\debug\maze.obj
e:\github\mazesolver\mazesolver\debug\mazesolver.exe
e:\github\mazesolver\mazesolver\sdl_project\debug\mazesolver.ilk
e:\github\mazesolver\mazesolver\debug\mazesolver.pdb
e:\github\mazesolver\mazesolver\sdl_project\debug\sdl_project.ilk
e:\github\mazesolver\mazesolver\sdl_project\debug\mazesolver.tlog\cl.command.1.tlog
e:\github\mazesolver\mazesolver\sdl_project\debug\mazesolver.tlog\cl.read.1.tlog
e:\github\mazesolver\mazesolver\sdl_project\debug\mazesolver.tlog\cl.write.1.tlog
e:\github\mazesolver\mazesolver\sdl_project\debug\mazesolver.tlog\link.command.1.tlog
e:\github\mazesolver\mazesolver\sdl_project\debug\mazesolver.tlog\link.read.1.tlog
e:\github\mazesolver\mazesolver\sdl_project\debug\mazesolver.tlog\link.write.1.tlog
