d:\visual studio\sdl_project20.1.8\sdl_project\debug\vc142.pdb
d:\visual studio\sdl_project20.1.8\sdl_project\debug\vc142.idb
d:\visual studio\sdl_project20.1.8\sdl_project\debug\window.obj
d:\visual studio\sdl_project20.1.8\sdl_project\debug\vmath.obj
d:\visual studio\sdl_project20.1.8\sdl_project\debug\timer.obj
d:\visual studio\sdl_project20.1.8\sdl_project\debug\star.obj
d:\visual studio\sdl_project20.1.8\sdl_project\debug\scene5.obj
d:\visual studio\sdl_project20.1.8\sdl_project\debug\scene4.obj
d:\visual studio\sdl_project20.1.8\sdl_project\debug\scene3.obj
d:\visual studio\sdl_project20.1.8\sdl_project\debug\scene2.obj
d:\visual studio\sdl_project20.1.8\sdl_project\debug\scene1.obj
d:\visual studio\sdl_project20.1.8\sdl_project\debug\scene0.obj
d:\visual studio\sdl_project20.1.8\sdl_project\debug\randomizer.obj
d:\visual studio\sdl_project20.1.8\sdl_project\debug\planet.obj
d:\visual studio\sdl_project20.1.8\sdl_project\debug\mmath.obj
d:\visual studio\sdl_project20.1.8\sdl_project\debug\main.obj
d:\visual studio\sdl_project20.1.8\sdl_project\debug\gamemanager.obj
d:\visual studio\sdl_project20.1.8\sdl_project\debug\body.obj
d:\visual studio\sdl_project20.1.8\sdl_project\debug\ball.obj
d:\visual studio\sdl_project20.1.8\debug\sdl_project.exe
d:\visual studio\sdl_project20.1.8\debug\sdl_project.ilk
d:\visual studio\sdl_project20.1.8\debug\sdl_project.pdb
d:\visual studio\sdl_project20.1.8\sdl_project\debug\sdl_project.tlog\cl.command.1.tlog
d:\visual studio\sdl_project20.1.8\sdl_project\debug\sdl_project.tlog\cl.read.1.tlog
d:\visual studio\sdl_project20.1.8\sdl_project\debug\sdl_project.tlog\cl.write.1.tlog
d:\visual studio\sdl_project20.1.8\sdl_project\debug\sdl_project.tlog\link.command.1.tlog
d:\visual studio\sdl_project20.1.8\sdl_project\debug\sdl_project.tlog\link.read.1.tlog
d:\visual studio\sdl_project20.1.8\sdl_project\debug\sdl_project.tlog\link.write.1.tlog
